<?xml version="1.0" encoding="UTF-8"?>
<!-- Generated by org.testng.reporters.JUnitReportReporter -->
<testsuite hostname="PIYUSH" failures="0" tests="1" name="dipak.navale.radiobutton" time="22.068" errors="0" timestamp="25 Feb 2022 06:41:10 GMT" skipped="0">
  <testcase classname="dipak.navale.radiobutton" name="radbutton" time="22.068"/>
</testsuite> <!-- dipak.navale.radiobutton -->
